2025-08-22 16:33:56,508 - INFO - Set sync every 1 minutes
2025-08-22 16:33:56,508 - INFO - Scheduled sync service started, press Ctrl+C to stop
2025-08-22 16:34:56,569 - INFO - ==================================================
2025-08-22 16:34:56,569 - INFO - Starting scheduled sync task
2025-08-22 16:34:56,569 - INFO - Found WANDB_API_KEY in environment variables
2025-08-22 16:34:56,569 - INFO - API authentication attempt failed: No module named 'wandb'
2025-08-22 16:34:56,569 - INFO - WANDB_API_KEY is set, proceeding with sync (auth will be handled by wandb sync command)
2025-08-22 16:34:56,570 - INFO - Found 0 offline runs
2025-08-22 16:34:56,570 - INFO - No offline runs found, skipping sync
2025-08-22 16:34:56,570 - INFO - Scheduled sync task completed
2025-08-22 16:34:56,570 - INFO - ==================================================
2025-08-22 16:35:56,630 - INFO - ==================================================
2025-08-22 16:35:56,631 - INFO - Starting scheduled sync task
2025-08-22 16:35:56,631 - INFO - Found WANDB_API_KEY in environment variables
2025-08-22 16:35:56,631 - INFO - API authentication attempt failed: No module named 'wandb'
2025-08-22 16:35:56,631 - INFO - WANDB_API_KEY is set, proceeding with sync (auth will be handled by wandb sync command)
2025-08-22 16:35:56,631 - INFO - Found 0 offline runs
2025-08-22 16:35:56,631 - INFO - No offline runs found, skipping sync
2025-08-22 16:35:56,631 - INFO - Scheduled sync task completed
2025-08-22 16:35:56,631 - INFO - ==================================================
2025-08-22 16:36:56,693 - INFO - ==================================================
2025-08-22 16:36:56,693 - INFO - Starting scheduled sync task
2025-08-22 16:36:56,693 - INFO - Found WANDB_API_KEY in environment variables
2025-08-22 16:36:56,693 - INFO - API authentication attempt failed: No module named 'wandb'
2025-08-22 16:36:56,693 - INFO - WANDB_API_KEY is set, proceeding with sync (auth will be handled by wandb sync command)
2025-08-22 16:36:56,693 - INFO - Found 0 offline runs
2025-08-22 16:36:56,693 - INFO - No offline runs found, skipping sync
2025-08-22 16:36:56,693 - INFO - Scheduled sync task completed
2025-08-22 16:36:56,693 - INFO - ==================================================
2025-08-22 16:37:56,754 - INFO - ==================================================
2025-08-22 16:37:56,754 - INFO - Starting scheduled sync task
2025-08-22 16:37:56,754 - INFO - Found WANDB_API_KEY in environment variables
2025-08-22 16:37:56,755 - INFO - API authentication attempt failed: No module named 'wandb'
2025-08-22 16:37:56,755 - INFO - WANDB_API_KEY is set, proceeding with sync (auth will be handled by wandb sync command)
2025-08-22 16:37:56,755 - INFO - Found 0 offline runs
2025-08-22 16:37:56,755 - INFO - No offline runs found, skipping sync
2025-08-22 16:37:56,755 - INFO - Scheduled sync task completed
2025-08-22 16:37:56,755 - INFO - ==================================================
2025-08-22 16:38:56,815 - INFO - ==================================================
2025-08-22 16:38:56,817 - INFO - Starting scheduled sync task
2025-08-22 16:38:56,817 - INFO - Found WANDB_API_KEY in environment variables
2025-08-22 16:38:56,817 - INFO - API authentication attempt failed: No module named 'wandb'
2025-08-22 16:38:56,817 - INFO - WANDB_API_KEY is set, proceeding with sync (auth will be handled by wandb sync command)
2025-08-22 16:38:56,817 - INFO - Found 0 offline runs
2025-08-22 16:38:56,817 - INFO - No offline runs found, skipping sync
2025-08-22 16:38:56,817 - INFO - Scheduled sync task completed
2025-08-22 16:38:56,817 - INFO - ==================================================
2025-08-22 16:39:56,876 - INFO - ==================================================
2025-08-22 16:39:56,877 - INFO - Starting scheduled sync task
2025-08-22 16:39:56,877 - INFO - Found WANDB_API_KEY in environment variables
2025-08-22 16:39:56,877 - INFO - API authentication attempt failed: No module named 'wandb'
2025-08-22 16:39:56,879 - INFO - WANDB_API_KEY is set, proceeding with sync (auth will be handled by wandb sync command)
2025-08-22 16:39:56,879 - INFO - Found 0 offline runs
2025-08-22 16:39:56,879 - INFO - No offline runs found, skipping sync
2025-08-22 16:39:56,879 - INFO - Scheduled sync task completed
2025-08-22 16:39:56,879 - INFO - ==================================================
2025-08-22 16:40:56,938 - INFO - ==================================================
2025-08-22 16:40:56,939 - INFO - Starting scheduled sync task
2025-08-22 16:40:56,939 - INFO - Found WANDB_API_KEY in environment variables
2025-08-22 16:40:56,939 - INFO - API authentication attempt failed: No module named 'wandb'
2025-08-22 16:40:56,939 - INFO - WANDB_API_KEY is set, proceeding with sync (auth will be handled by wandb sync command)
2025-08-22 16:40:56,939 - INFO - Found 0 offline runs
2025-08-22 16:40:56,939 - INFO - No offline runs found, skipping sync
2025-08-22 16:40:56,939 - INFO - Scheduled sync task completed
2025-08-22 16:40:56,939 - INFO - ==================================================
2025-08-22 16:41:56,999 - INFO - ==================================================
2025-08-22 16:41:57,000 - INFO - Starting scheduled sync task
2025-08-22 16:41:57,000 - INFO - Found WANDB_API_KEY in environment variables
2025-08-22 16:41:57,000 - INFO - API authentication attempt failed: No module named 'wandb'
2025-08-22 16:41:57,000 - INFO - WANDB_API_KEY is set, proceeding with sync (auth will be handled by wandb sync command)
2025-08-22 16:41:57,000 - INFO - Found 0 offline runs
2025-08-22 16:41:57,000 - INFO - No offline runs found, skipping sync
2025-08-22 16:41:57,000 - INFO - Scheduled sync task completed
2025-08-22 16:41:57,000 - INFO - ==================================================
2025-08-22 16:42:57,061 - INFO - ==================================================
2025-08-22 16:42:57,062 - INFO - Starting scheduled sync task
2025-08-22 16:42:57,062 - INFO - Found WANDB_API_KEY in environment variables
2025-08-22 16:42:57,062 - INFO - API authentication attempt failed: No module named 'wandb'
2025-08-22 16:42:57,062 - INFO - WANDB_API_KEY is set, proceeding with sync (auth will be handled by wandb sync command)
2025-08-22 16:42:57,062 - INFO - Found 0 offline runs
2025-08-22 16:42:57,062 - INFO - No offline runs found, skipping sync
2025-08-22 16:42:57,062 - INFO - Scheduled sync task completed
2025-08-22 16:42:57,062 - INFO - ==================================================
2025-08-22 16:43:57,151 - INFO - ==================================================
2025-08-22 16:43:57,151 - INFO - Starting scheduled sync task
2025-08-22 16:43:57,151 - INFO - Found WANDB_API_KEY in environment variables
2025-08-22 16:43:57,151 - INFO - API authentication attempt failed: No module named 'wandb'
2025-08-22 16:43:57,151 - INFO - WANDB_API_KEY is set, proceeding with sync (auth will be handled by wandb sync command)
2025-08-22 16:43:57,151 - INFO - Found 0 offline runs
2025-08-22 16:43:57,151 - INFO - No offline runs found, skipping sync
2025-08-22 16:43:57,152 - INFO - Scheduled sync task completed
2025-08-22 16:43:57,152 - INFO - ==================================================
2025-08-22 16:44:57,213 - INFO - ==================================================
2025-08-22 16:44:57,214 - INFO - Starting scheduled sync task
2025-08-22 16:44:57,214 - INFO - Found WANDB_API_KEY in environment variables
2025-08-22 16:44:57,215 - INFO - API authentication attempt failed: No module named 'wandb'
2025-08-22 16:44:57,215 - INFO - WANDB_API_KEY is set, proceeding with sync (auth will be handled by wandb sync command)
2025-08-22 16:44:57,215 - INFO - Found 0 offline runs
2025-08-22 16:44:57,215 - INFO - No offline runs found, skipping sync
2025-08-22 16:44:57,215 - INFO - Scheduled sync task completed
2025-08-22 16:44:57,215 - INFO - ==================================================
2025-08-22 16:45:57,276 - INFO - ==================================================
2025-08-22 16:45:57,278 - INFO - Starting scheduled sync task
2025-08-22 16:45:57,278 - INFO - Found WANDB_API_KEY in environment variables
2025-08-22 16:45:57,278 - INFO - API authentication attempt failed: No module named 'wandb'
2025-08-22 16:45:57,278 - INFO - WANDB_API_KEY is set, proceeding with sync (auth will be handled by wandb sync command)
2025-08-22 16:45:57,278 - INFO - Found 0 offline runs
2025-08-22 16:45:57,278 - INFO - No offline runs found, skipping sync
2025-08-22 16:45:57,278 - INFO - Scheduled sync task completed
2025-08-22 16:45:57,278 - INFO - ==================================================
2025-08-22 16:46:57,337 - INFO - ==================================================
2025-08-22 16:46:57,338 - INFO - Starting scheduled sync task
2025-08-22 16:46:57,338 - INFO - Found WANDB_API_KEY in environment variables
2025-08-22 16:46:57,339 - INFO - API authentication attempt failed: No module named 'wandb'
2025-08-22 16:46:57,339 - INFO - WANDB_API_KEY is set, proceeding with sync (auth will be handled by wandb sync command)
2025-08-22 16:46:57,339 - INFO - Found 0 offline runs
2025-08-22 16:46:57,339 - INFO - No offline runs found, skipping sync
2025-08-22 16:46:57,339 - INFO - Scheduled sync task completed
2025-08-22 16:46:57,339 - INFO - ==================================================
2025-08-22 16:47:57,399 - INFO - ==================================================
2025-08-22 16:47:57,400 - INFO - Starting scheduled sync task
2025-08-22 16:47:57,400 - INFO - Found WANDB_API_KEY in environment variables
2025-08-22 16:47:57,400 - INFO - API authentication attempt failed: No module named 'wandb'
2025-08-22 16:47:57,400 - INFO - WANDB_API_KEY is set, proceeding with sync (auth will be handled by wandb sync command)
2025-08-22 16:47:57,400 - INFO - Found 0 offline runs
2025-08-22 16:47:57,400 - INFO - No offline runs found, skipping sync
2025-08-22 16:47:57,400 - INFO - Scheduled sync task completed
2025-08-22 16:47:57,400 - INFO - ==================================================
2025-08-22 16:48:57,461 - INFO - ==================================================
2025-08-22 16:48:57,462 - INFO - Starting scheduled sync task
2025-08-22 16:48:57,462 - INFO - Found WANDB_API_KEY in environment variables
2025-08-22 16:48:57,463 - INFO - API authentication attempt failed: No module named 'wandb'
2025-08-22 16:48:57,463 - INFO - WANDB_API_KEY is set, proceeding with sync (auth will be handled by wandb sync command)
2025-08-22 16:48:57,463 - INFO - Found 0 offline runs
2025-08-22 16:48:57,463 - INFO - No offline runs found, skipping sync
2025-08-22 16:48:57,463 - INFO - Scheduled sync task completed
2025-08-22 16:48:57,463 - INFO - ==================================================
2025-08-22 16:49:57,524 - INFO - ==================================================
2025-08-22 16:49:57,525 - INFO - Starting scheduled sync task
2025-08-22 16:49:57,525 - INFO - Found WANDB_API_KEY in environment variables
2025-08-22 16:49:57,525 - INFO - API authentication attempt failed: No module named 'wandb'
2025-08-22 16:49:57,525 - INFO - WANDB_API_KEY is set, proceeding with sync (auth will be handled by wandb sync command)
2025-08-22 16:49:57,525 - INFO - Found 0 offline runs
2025-08-22 16:49:57,525 - INFO - No offline runs found, skipping sync
2025-08-22 16:49:57,525 - INFO - Scheduled sync task completed
2025-08-22 16:49:57,525 - INFO - ==================================================
2025-08-22 16:50:57,586 - INFO - ==================================================
2025-08-22 16:50:57,587 - INFO - Starting scheduled sync task
2025-08-22 16:50:57,587 - INFO - Found WANDB_API_KEY in environment variables
2025-08-22 16:50:57,588 - INFO - API authentication attempt failed: No module named 'wandb'
2025-08-22 16:50:57,588 - INFO - WANDB_API_KEY is set, proceeding with sync (auth will be handled by wandb sync command)
2025-08-22 16:50:57,588 - INFO - Found 0 offline runs
2025-08-22 16:50:57,588 - INFO - No offline runs found, skipping sync
2025-08-22 16:50:57,588 - INFO - Scheduled sync task completed
2025-08-22 16:50:57,588 - INFO - ==================================================
2025-08-22 16:51:57,648 - INFO - ==================================================
2025-08-22 16:51:57,648 - INFO - Starting scheduled sync task
2025-08-22 16:51:57,648 - INFO - Found WANDB_API_KEY in environment variables
2025-08-22 16:51:57,648 - INFO - API authentication attempt failed: No module named 'wandb'
2025-08-22 16:51:57,648 - INFO - WANDB_API_KEY is set, proceeding with sync (auth will be handled by wandb sync command)
2025-08-22 16:51:57,648 - INFO - Found 0 offline runs
2025-08-22 16:51:57,648 - INFO - No offline runs found, skipping sync
2025-08-22 16:51:57,648 - INFO - Scheduled sync task completed
2025-08-22 16:51:57,648 - INFO - ==================================================
2025-08-22 16:52:57,710 - INFO - ==================================================
2025-08-22 16:52:57,710 - INFO - Starting scheduled sync task
2025-08-22 16:52:57,710 - INFO - Found WANDB_API_KEY in environment variables
2025-08-22 16:52:57,712 - INFO - API authentication attempt failed: No module named 'wandb'
2025-08-22 16:52:57,712 - INFO - WANDB_API_KEY is set, proceeding with sync (auth will be handled by wandb sync command)
2025-08-22 16:52:57,712 - INFO - Found 0 offline runs
2025-08-22 16:52:57,712 - INFO - No offline runs found, skipping sync
2025-08-22 16:52:57,712 - INFO - Scheduled sync task completed
2025-08-22 16:52:57,712 - INFO - ==================================================
2025-08-22 16:53:57,773 - INFO - ==================================================
2025-08-22 16:53:57,774 - INFO - Starting scheduled sync task
2025-08-22 16:53:57,774 - INFO - Found WANDB_API_KEY in environment variables
2025-08-22 16:53:57,774 - INFO - API authentication attempt failed: No module named 'wandb'
2025-08-22 16:53:57,774 - INFO - WANDB_API_KEY is set, proceeding with sync (auth will be handled by wandb sync command)
2025-08-22 16:53:57,774 - INFO - Found 0 offline runs
2025-08-22 16:53:57,774 - INFO - No offline runs found, skipping sync
2025-08-22 16:53:57,774 - INFO - Scheduled sync task completed
2025-08-22 16:53:57,774 - INFO - ==================================================
2025-08-22 16:54:57,836 - INFO - ==================================================
2025-08-22 16:54:57,836 - INFO - Starting scheduled sync task
2025-08-22 16:54:57,836 - INFO - Found WANDB_API_KEY in environment variables
2025-08-22 16:54:57,837 - INFO - API authentication attempt failed: No module named 'wandb'
2025-08-22 16:54:57,837 - INFO - WANDB_API_KEY is set, proceeding with sync (auth will be handled by wandb sync command)
2025-08-22 16:54:57,837 - INFO - Found 0 offline runs
2025-08-22 16:54:57,837 - INFO - No offline runs found, skipping sync
2025-08-22 16:54:57,838 - INFO - Scheduled sync task completed
2025-08-22 16:54:57,838 - INFO - ==================================================
